This file contains any messages produced by compilers while
running configure, to aid debugging if configure makes a mistake.

It was created by siloutil configure 1.0, which was
generated by GNU Autoconf 2.69.  Invocation command line was

  $ ./configure --with-python3=/home/niklas/Dokumente/siloutil-org/python/include/python3.7m,/home/niklas/Dokumente/siloutil-org/python/bin/python3.7 --with-zlib=/home/niklas/Dokumente/siloutil-org/thirdparty/zlib/include,/home/niklas/Dokumente/siloutil-org/thirdparty/zlib/lib --with-hdf5=/home/niklas/Dokumente/siloutil-org/thirdparty/hdf5/include,/home/niklas/Dokumente/siloutil-org/thirdparty/hdf5/lib --with-silo=/home/niklas/Dokumente/siloutil-org/thirdparty/silo/include,/home/niklas/Dokumente/siloutil-org/thirdparty/silo/lib --with-boost_python=/home/niklas/Dokumente/siloutil-org/thirdparty/boost/include,/home/niklas/Dokumente/siloutil-org/thirdparty/boost/lib --prefix=/home/niklas/Dokumente/siloutil-org/siloutil-bin

## --------- ##
## Platform. ##
## --------- ##

hostname = devel
uname -m = x86_64
uname -r = 4.9.0-8-amd64
uname -s = Linux
uname -v = #1 SMP Debian 4.9.144-3 (2019-02-02)

/usr/bin/uname -p = unknown
/bin/uname -X     = unknown

/bin/arch              = unknown
/usr/bin/arch -k       = unknown
/usr/convex/getsysinfo = unknown
/usr/bin/hostinfo      = unknown
/bin/machine           = unknown
/usr/bin/oslevel       = unknown
/bin/universe          = unknown

PATH: /home/niklas/Dokumente/siloutil-org/gcc/gcc/bin
PATH: /usr/local/bin
PATH: /usr/bin
PATH: /bin
PATH: /usr/local/games
PATH: /usr/games


## ----------- ##
## Core tests. ##
## ----------- ##

configure:2521: checking for a BSD-compatible install
configure:2589: result: /usr/bin/install -c
configure:2600: checking whether build environment is sane
configure:2655: result: yes
configure:2806: checking for a thread-safe mkdir -p
configure:2845: result: /bin/mkdir -p
configure:2852: checking for gawk
configure:2868: found /usr/bin/gawk
configure:2879: result: gawk
configure:2890: checking whether make sets $(MAKE)
configure:2912: result: yes
configure:2941: checking whether make supports nested variables
configure:2958: result: yes
configure:3085: checking for a sed that does not truncate output
configure:3149: result: /bin/sed
configure:3155: checking whether NLS is requested
configure:3164: result: yes
configure:3204: checking for msgfmt
configure: trying /usr/bin/msgfmt...
0 translated messages.
configure:3236: result: /usr/bin/msgfmt
configure:3245: checking for gmsgfmt
configure:3276: result: /usr/bin/msgfmt
configure:3326: checking for xgettext
configure: trying /usr/bin/xgettext...
/usr/bin/xgettext: warning: file '/dev/null' extension '' is unknown; will try C
configure:3358: result: /usr/bin/xgettext
configure:3403: checking for msgmerge
configure: trying /usr/bin/msgmerge...
configure:3434: result: /usr/bin/msgmerge
configure:3479: checking for style of include used by make
configure:3507: result: GNU
configure:3578: checking for gcc
configure:3605: result: gcc-7.4.0
configure:3834: checking for C compiler version
configure:3843: gcc-7.4.0 --version >&5
gcc-7.4.0 (GCC) 7.4.0
Copyright (C) 2017 Free Software Foundation, Inc.
This is free software; see the source for copying conditions.  There is NO
warranty; not even for MERCHANTABILITY or FITNESS FOR A PARTICULAR PURPOSE.

configure:3854: $? = 0
configure:3843: gcc-7.4.0 -v >&5
Using built-in specs.
COLLECT_GCC=gcc-7.4.0
COLLECT_LTO_WRAPPER=/home/niklas/Dokumente/siloutil-org/gcc/gcc/libexec/gcc/x86_64-pc-linux-gnu/7.4.0/lto-wrapper
Target: x86_64-pc-linux-gnu
Configured with: ./configure --prefix=/home/niklas/Dokumente/siloutil-org/gcc/gcc --with-gmp=/home/niklas/Dokumente/siloutil-org/gcc/gmp --with-mpfr=/home/niklas/Dokumente/siloutil-org/gcc/mpfr --with-mpc=/home/niklas/Dokumente/siloutil-org/gcc/mpc --program-suffix=-7.4.0 --enable-languages=c,c++
Thread model: posix
gcc version 7.4.0 (GCC) 
configure:3854: $? = 0
configure:3843: gcc-7.4.0 -V >&5
gcc-7.4.0: error: unrecognized command line option '-V'
gcc-7.4.0: fatal error: no input files
compilation terminated.
configure:3854: $? = 1
configure:3843: gcc-7.4.0 -qversion >&5
gcc-7.4.0: error: unrecognized command line option '-qversion'; did you mean '--version'?
gcc-7.4.0: fatal error: no input files
compilation terminated.
configure:3854: $? = 1
configure:3874: checking whether the C compiler works
configure:3896: gcc-7.4.0    conftest.c  >&5
configure:3900: $? = 0
configure:3948: result: yes
configure:3951: checking for C compiler default output file name
configure:3953: result: a.out
configure:3959: checking for suffix of executables
configure:3966: gcc-7.4.0 -o conftest    conftest.c  >&5
configure:3970: $? = 0
configure:3992: result: 
configure:4014: checking whether we are cross compiling
configure:4022: gcc-7.4.0 -o conftest    conftest.c  >&5
configure:4026: $? = 0
configure:4033: ./conftest
configure:4037: $? = 0
configure:4052: result: no
configure:4057: checking for suffix of object files
configure:4079: gcc-7.4.0 -c   conftest.c >&5
configure:4083: $? = 0
configure:4104: result: o
configure:4108: checking whether we are using the GNU C compiler
configure:4127: gcc-7.4.0 -c   conftest.c >&5
configure:4127: $? = 0
configure:4136: result: yes
configure:4145: checking whether gcc-7.4.0 accepts -g
configure:4165: gcc-7.4.0 -c -g  conftest.c >&5
configure:4165: $? = 0
configure:4206: result: yes
configure:4223: checking for gcc-7.4.0 option to accept ISO C89
configure:4286: gcc-7.4.0  -c -g -O2  conftest.c >&5
configure:4286: $? = 0
configure:4299: result: none needed
configure:4324: checking whether gcc-7.4.0 understands -c and -o together
configure:4346: gcc-7.4.0 -c conftest.c -o conftest2.o
configure:4349: $? = 0
configure:4346: gcc-7.4.0 -c conftest.c -o conftest2.o
configure:4349: $? = 0
configure:4361: result: yes
configure:4380: checking dependency style of gcc-7.4.0
configure:4491: result: gcc3
configure:4510: checking build system type
configure:4524: result: x86_64-pc-linux-gnu
configure:4544: checking host system type
configure:4557: result: x86_64-pc-linux-gnu
configure:4602: checking for ld used by gcc-7.4.0
configure:4669: result: /usr/bin/ld
configure:4676: checking if the linker (/usr/bin/ld) is GNU ld
configure:4691: result: yes
configure:4698: checking for shared library run path origin
configure:4711: result: done
configure:4736: checking how to run the C preprocessor
configure:4806: result: g++-7.4.0 -E
configure:4826: g++-7.4.0 -E  conftest.c
configure:4826: $? = 0
configure:4840: g++-7.4.0 -E  conftest.c
conftest.c:11:10: fatal error: ac_nonexistent.h: No such file or directory
 #include <ac_nonexistent.h>
          ^~~~~~~~~~~~~~~~~~
compilation terminated.
configure:4840: $? = 1
configure: failed program was:
| /* confdefs.h */
| #define PACKAGE_NAME "siloutil"
| #define PACKAGE_TARNAME "siloutil"
| #define PACKAGE_VERSION "1.0"
| #define PACKAGE_STRING "siloutil 1.0"
| #define PACKAGE_BUGREPORT "n.donocik@tu-bs.de"
| #define PACKAGE_URL ""
| #define PACKAGE "siloutil"
| #define VERSION "1.0"
| /* end confdefs.h.  */
| #include <ac_nonexistent.h>
configure:4869: checking for grep that handles long lines and -e
configure:4927: result: /bin/grep
configure:4932: checking for egrep
configure:4994: result: /bin/grep -E
configure:5552: checking for CFPreferencesCopyAppValue
configure:5570: gcc-7.4.0 -o conftest -g -O2   conftest.c  -Wl,-framework -Wl,CoreFoundation >&5
conftest.c:11:10: fatal error: CoreFoundation/CFPreferences.h: No such file or directory
 #include <CoreFoundation/CFPreferences.h>
          ^~~~~~~~~~~~~~~~~~~~~~~~~~~~~~~~
compilation terminated.
configure:5570: $? = 1
configure: failed program was:
| /* confdefs.h */
| #define PACKAGE_NAME "siloutil"
| #define PACKAGE_TARNAME "siloutil"
| #define PACKAGE_VERSION "1.0"
| #define PACKAGE_STRING "siloutil 1.0"
| #define PACKAGE_BUGREPORT "n.donocik@tu-bs.de"
| #define PACKAGE_URL ""
| #define PACKAGE "siloutil"
| #define VERSION "1.0"
| /* end confdefs.h.  */
| #include <CoreFoundation/CFPreferences.h>
| int
| main ()
| {
| CFPreferencesCopyAppValue(NULL, NULL)
|   ;
|   return 0;
| }
configure:5579: result: no
configure:5586: checking for CFLocaleCopyCurrent
configure:5604: gcc-7.4.0 -o conftest -g -O2   conftest.c  -Wl,-framework -Wl,CoreFoundation >&5
conftest.c:11:10: fatal error: CoreFoundation/CFLocale.h: No such file or directory
 #include <CoreFoundation/CFLocale.h>
          ^~~~~~~~~~~~~~~~~~~~~~~~~~~
compilation terminated.
configure:5604: $? = 1
configure: failed program was:
| /* confdefs.h */
| #define PACKAGE_NAME "siloutil"
| #define PACKAGE_TARNAME "siloutil"
| #define PACKAGE_VERSION "1.0"
| #define PACKAGE_STRING "siloutil 1.0"
| #define PACKAGE_BUGREPORT "n.donocik@tu-bs.de"
| #define PACKAGE_URL ""
| #define PACKAGE "siloutil"
| #define VERSION "1.0"
| /* end confdefs.h.  */
| #include <CoreFoundation/CFLocale.h>
| int
| main ()
| {
| CFLocaleCopyCurrent();
|   ;
|   return 0;
| }
configure:5613: result: no
configure:5662: checking for GNU gettext in libc
configure:5691: gcc-7.4.0 -o conftest -g -O2   conftest.c  >&5
configure:5691: $? = 0
configure:5700: result: yes
configure:6547: checking whether to use NLS
configure:6549: result: yes
configure:6552: checking where the gettext function comes from
configure:6563: result: libc
configure:6622: checking whether make sets $(MAKE)
configure:6644: result: yes
configure:6755: checking the archiver (gcc-ar-7.4.0) interface
configure:6771: gcc-7.4.0 -c -g -O2  conftest.c >&5
configure:6771: $? = 0
configure:6773: gcc-ar-7.4.0 cru libconftest.a conftest.o >&5
/usr/bin/ar: `u' modifier ignored since `D' is the default (see `U')
configure:6776: $? = 0
configure:6804: result: ar
configure:6936: checking for C++ compiler version
configure:6945: g++-7.4.0 --version >&5
g++-7.4.0 (GCC) 7.4.0
Copyright (C) 2017 Free Software Foundation, Inc.
This is free software; see the source for copying conditions.  There is NO
warranty; not even for MERCHANTABILITY or FITNESS FOR A PARTICULAR PURPOSE.

configure:6956: $? = 0
configure:6945: g++-7.4.0 -v >&5
Using built-in specs.
COLLECT_GCC=g++-7.4.0
COLLECT_LTO_WRAPPER=/home/niklas/Dokumente/siloutil-org/gcc/gcc/libexec/gcc/x86_64-pc-linux-gnu/7.4.0/lto-wrapper
Target: x86_64-pc-linux-gnu
Configured with: ./configure --prefix=/home/niklas/Dokumente/siloutil-org/gcc/gcc --with-gmp=/home/niklas/Dokumente/siloutil-org/gcc/gmp --with-mpfr=/home/niklas/Dokumente/siloutil-org/gcc/mpfr --with-mpc=/home/niklas/Dokumente/siloutil-org/gcc/mpc --program-suffix=-7.4.0 --enable-languages=c,c++
Thread model: posix
gcc version 7.4.0 (GCC) 
configure:6956: $? = 0
configure:6945: g++-7.4.0 -V >&5
g++-7.4.0: error: unrecognized command line option '-V'
g++-7.4.0: fatal error: no input files
compilation terminated.
configure:6956: $? = 1
configure:6945: g++-7.4.0 -qversion >&5
g++-7.4.0: error: unrecognized command line option '-qversion'; did you mean '--version'?
g++-7.4.0: fatal error: no input files
compilation terminated.
configure:6956: $? = 1
configure:6960: checking whether we are using the GNU C++ compiler
configure:6979: g++-7.4.0 -c   conftest.cpp >&5
configure:6979: $? = 0
configure:6988: result: yes
configure:6997: checking whether g++-7.4.0 accepts -g
configure:7017: g++-7.4.0 -c -g  conftest.cpp >&5
configure:7017: $? = 0
configure:7058: result: yes
configure:7083: checking dependency style of g++-7.4.0
configure:7194: result: gcc3
configure:7242: checking how to run the C++ preprocessor
configure:7308: result: g++-7.4.0 -E
configure:7328: g++-7.4.0 -E  -fPIC -I/home/niklas/Dokumente/siloutil-org/python/include/python3.7m conftest.cpp
configure:7328: $? = 0
configure:7342: g++-7.4.0 -E  -fPIC -I/home/niklas/Dokumente/siloutil-org/python/include/python3.7m conftest.cpp
conftest.cpp:14:10: fatal error: ac_nonexistent.h: No such file or directory
 #include <ac_nonexistent.h>
          ^~~~~~~~~~~~~~~~~~
compilation terminated.
configure:7342: $? = 1
configure: failed program was:
| /* confdefs.h */
| #define PACKAGE_NAME "siloutil"
| #define PACKAGE_TARNAME "siloutil"
| #define PACKAGE_VERSION "1.0"
| #define PACKAGE_STRING "siloutil 1.0"
| #define PACKAGE_BUGREPORT "n.donocik@tu-bs.de"
| #define PACKAGE_URL ""
| #define PACKAGE "siloutil"
| #define VERSION "1.0"
| #define ENABLE_NLS 1
| #define HAVE_GETTEXT 1
| #define HAVE_DCGETTEXT 1
| /* end confdefs.h.  */
| #include <ac_nonexistent.h>
configure:7371: checking for ANSI C header files
configure:7391: g++-7.4.0 -c -g -O2  -fPIC -I/home/niklas/Dokumente/siloutil-org/python/include/python3.7m conftest.cpp >&5
configure:7391: $? = 0
configure:7464: g++-7.4.0 -o conftest -g -O2  -fPIC -I/home/niklas/Dokumente/siloutil-org/python/include/python3.7m  conftest.cpp  >&5
configure:7464: $? = 0
configure:7464: ./conftest
configure:7464: $? = 0
configure:7475: result: yes
configure:7488: checking for sys/types.h
configure:7488: g++-7.4.0 -c -g -O2  -fPIC -I/home/niklas/Dokumente/siloutil-org/python/include/python3.7m conftest.cpp >&5
configure:7488: $? = 0
configure:7488: result: yes
configure:7488: checking for sys/stat.h
configure:7488: g++-7.4.0 -c -g -O2  -fPIC -I/home/niklas/Dokumente/siloutil-org/python/include/python3.7m conftest.cpp >&5
configure:7488: $? = 0
configure:7488: result: yes
configure:7488: checking for stdlib.h
configure:7488: g++-7.4.0 -c -g -O2  -fPIC -I/home/niklas/Dokumente/siloutil-org/python/include/python3.7m conftest.cpp >&5
configure:7488: $? = 0
configure:7488: result: yes
configure:7488: checking for string.h
configure:7488: g++-7.4.0 -c -g -O2  -fPIC -I/home/niklas/Dokumente/siloutil-org/python/include/python3.7m conftest.cpp >&5
configure:7488: $? = 0
configure:7488: result: yes
configure:7488: checking for memory.h
configure:7488: g++-7.4.0 -c -g -O2  -fPIC -I/home/niklas/Dokumente/siloutil-org/python/include/python3.7m conftest.cpp >&5
configure:7488: $? = 0
configure:7488: result: yes
configure:7488: checking for strings.h
configure:7488: g++-7.4.0 -c -g -O2  -fPIC -I/home/niklas/Dokumente/siloutil-org/python/include/python3.7m conftest.cpp >&5
configure:7488: $? = 0
configure:7488: result: yes
configure:7488: checking for inttypes.h
configure:7488: g++-7.4.0 -c -g -O2  -fPIC -I/home/niklas/Dokumente/siloutil-org/python/include/python3.7m conftest.cpp >&5
configure:7488: $? = 0
configure:7488: result: yes
configure:7488: checking for stdint.h
configure:7488: g++-7.4.0 -c -g -O2  -fPIC -I/home/niklas/Dokumente/siloutil-org/python/include/python3.7m conftest.cpp >&5
configure:7488: $? = 0
configure:7488: result: yes
configure:7488: checking for unistd.h
configure:7488: g++-7.4.0 -c -g -O2  -fPIC -I/home/niklas/Dokumente/siloutil-org/python/include/python3.7m conftest.cpp >&5
configure:7488: $? = 0
configure:7488: result: yes
configure:7500: checking pyconfig.h usability
configure:7500: g++-7.4.0 -c -g -O2  -fPIC -I/home/niklas/Dokumente/siloutil-org/python/include/python3.7m conftest.cpp >&5
configure:7500: $? = 0
configure:7500: result: yes
configure:7500: checking pyconfig.h presence
configure:7500: g++-7.4.0 -E  -fPIC -I/home/niklas/Dokumente/siloutil-org/python/include/python3.7m conftest.cpp
configure:7500: $? = 0
configure:7500: result: yes
configure:7500: checking for pyconfig.h
configure:7500: result: yes
configure:7538: checking for library containing main
configure:7563: g++-7.4.0 -o conftest -g -O2  -fPIC -I/home/niklas/Dokumente/siloutil-org/python/include/python3.7m -I/home/niklas/Dokumente/siloutil-org/thirdparty/boost/include -I/home/niklas/Dokumente/siloutil-org/python/include/python3.7m  -L/home/niklas/Dokumente/siloutil-org/thirdparty/boost/lib conftest.cpp  -lboost_python37 >&5
configure:7563: $? = 0
configure:7580: result: none required
configure:7619: checking for library containing main
configure:7661: result: none required
configure:7700: checking for library containing main
configure:7742: result: none required
configure:7782: checking for library containing main
configure:7824: result: none required
configure:7886: checking how to print strings
configure:7913: result: printf
configure:7934: checking for a sed that does not truncate output
configure:7998: result: /bin/sed
configure:8016: checking for fgrep
configure:8078: result: /bin/grep -F
configure:8113: checking for ld used by gcc-7.4.0
configure:8180: result: /usr/bin/ld
configure:8187: checking if the linker (/usr/bin/ld) is GNU ld
configure:8202: result: yes
configure:8214: checking for BSD- or MS-compatible name lister (nm)
configure:8268: result: /usr/bin/nm -B
configure:8398: checking the name lister (/usr/bin/nm -B) interface
configure:8405: g++-7.4.0 -c -g -O2  -fPIC -I/home/niklas/Dokumente/siloutil-org/python/include/python3.7m -I/home/niklas/Dokumente/siloutil-org/thirdparty/boost/include -I/home/niklas/Dokumente/siloutil-org/python/include/python3.7m -I/home/niklas/Dokumente/siloutil-org/thirdparty/silo/include -I/home/niklas/Dokumente/siloutil-org/thirdparty/hdf5/include -I/home/niklas/Dokumente/siloutil-org/thirdparty/zlib/include conftest.cpp >&5
configure:8408: /usr/bin/nm -B "conftest.o"
configure:8411: output
0000000000000000 B some_variable
configure:8418: result: BSD nm
configure:8421: checking whether ln -s works
configure:8425: result: yes
configure:8433: checking the maximum length of command line arguments
configure:8564: result: 1572864
configure:8612: checking how to convert x86_64-pc-linux-gnu file names to x86_64-pc-linux-gnu format
configure:8652: result: func_convert_file_noop
configure:8659: checking how to convert x86_64-pc-linux-gnu file names to toolchain format
configure:8679: result: func_convert_file_noop
configure:8686: checking for /usr/bin/ld option to reload object files
configure:8693: result: -r
configure:8767: checking for objdump
configure:8783: found /usr/bin/objdump
configure:8794: result: objdump
configure:8826: checking how to recognize dependent libraries
configure:9026: result: pass_all
configure:9111: checking for dlltool
configure:9141: result: no
configure:9171: checking how to associate runtime and link libraries
configure:9198: result: printf %s\n
configure:9322: checking for archiver @FILE support
configure:9339: g++-7.4.0 -c -g -O2  -fPIC -I/home/niklas/Dokumente/siloutil-org/python/include/python3.7m -I/home/niklas/Dokumente/siloutil-org/thirdparty/boost/include -I/home/niklas/Dokumente/siloutil-org/python/include/python3.7m -I/home/niklas/Dokumente/siloutil-org/thirdparty/silo/include -I/home/niklas/Dokumente/siloutil-org/thirdparty/hdf5/include -I/home/niklas/Dokumente/siloutil-org/thirdparty/zlib/include conftest.cpp >&5
configure:9339: $? = 0
configure:9342: gcc-ar-7.4.0 cru libconftest.a @conftest.lst >&5
/usr/bin/ar: `u' modifier ignored since `D' is the default (see `U')
configure:9345: $? = 0
configure:9350: gcc-ar-7.4.0 cru libconftest.a @conftest.lst >&5
/usr/bin/ar: `u' modifier ignored since `D' is the default (see `U')
/usr/bin/ar: conftest.o: No such file or directory
configure:9353: $? = 1
configure:9365: result: @
configure:9423: checking for strip
configure:9439: found /usr/bin/strip
configure:9450: result: strip
configure:9522: checking for ranlib
configure:9538: found /usr/bin/ranlib
configure:9549: result: ranlib
configure:9651: checking command to parse /usr/bin/nm -B output from gcc-7.4.0 object
configure:9804: g++-7.4.0 -c -g -O2  -fPIC -I/home/niklas/Dokumente/siloutil-org/python/include/python3.7m -I/home/niklas/Dokumente/siloutil-org/thirdparty/boost/include -I/home/niklas/Dokumente/siloutil-org/python/include/python3.7m -I/home/niklas/Dokumente/siloutil-org/thirdparty/silo/include -I/home/niklas/Dokumente/siloutil-org/thirdparty/hdf5/include -I/home/niklas/Dokumente/siloutil-org/thirdparty/zlib/include conftest.cpp >&5
configure:9807: $? = 0
configure:9811: /usr/bin/nm -B conftest.o \| sed -n -e 's/^.*[ ]\([ABCDGIRSTW][ABCDGIRSTW]*\)[ ][ ]*\([_A-Za-z][_A-Za-z0-9]*\)$/\1 \2 \2/p' | sed '/ __gnu_lto/d' \> conftest.nm
configure:9814: $? = 0
configure:9880: g++-7.4.0 -o conftest -g -O2  -fPIC -I/home/niklas/Dokumente/siloutil-org/python/include/python3.7m -I/home/niklas/Dokumente/siloutil-org/thirdparty/boost/include -I/home/niklas/Dokumente/siloutil-org/python/include/python3.7m -I/home/niklas/Dokumente/siloutil-org/thirdparty/silo/include -I/home/niklas/Dokumente/siloutil-org/thirdparty/hdf5/include -I/home/niklas/Dokumente/siloutil-org/thirdparty/zlib/include  -L/home/niklas/Dokumente/siloutil-org/thirdparty/boost/lib -L/home/niklas/Dokumente/siloutil-org/thirdparty/silo/lib -L/home/niklas/Dokumente/siloutil-org/thirdparty/hdf5/lib -L/home/niklas/Dokumente/siloutil-org/thirdparty/zlib/lib conftest.cpp conftstm.o >&5
configure:9883: $? = 0
configure:9921: result: ok
configure:9968: checking for sysroot
configure:9998: result: no
configure:10005: checking for a working dd
configure:10043: result: /bin/dd
configure:10047: checking how to truncate binary pipes
configure:10062: result: /bin/dd bs=4096 count=1
configure:10198: g++-7.4.0 -c -g -O2  -fPIC -I/home/niklas/Dokumente/siloutil-org/python/include/python3.7m -I/home/niklas/Dokumente/siloutil-org/thirdparty/boost/include -I/home/niklas/Dokumente/siloutil-org/python/include/python3.7m -I/home/niklas/Dokumente/siloutil-org/thirdparty/silo/include -I/home/niklas/Dokumente/siloutil-org/thirdparty/hdf5/include -I/home/niklas/Dokumente/siloutil-org/thirdparty/zlib/include conftest.cpp >&5
configure:10201: $? = 0
configure:10391: checking for mt
configure:10407: found /bin/mt
configure:10418: result: mt
configure:10441: checking if mt is a manifest tool
configure:10447: mt '-?'
configure:10455: result: no
configure:11129: checking for dlfcn.h
configure:11129: g++-7.4.0 -c -g -O2  -fPIC -I/home/niklas/Dokumente/siloutil-org/python/include/python3.7m -I/home/niklas/Dokumente/siloutil-org/thirdparty/boost/include -I/home/niklas/Dokumente/siloutil-org/python/include/python3.7m -I/home/niklas/Dokumente/siloutil-org/thirdparty/silo/include -I/home/niklas/Dokumente/siloutil-org/thirdparty/hdf5/include -I/home/niklas/Dokumente/siloutil-org/thirdparty/zlib/include conftest.cpp >&5
configure:11129: $? = 0
configure:11129: result: yes
configure:11393: checking for objdir
configure:11408: result: .libs
configure:11672: checking if gcc-7.4.0 supports -fno-rtti -fno-exceptions
configure:11690: gcc-7.4.0 -c -g -O2  -fPIC -I/home/niklas/Dokumente/siloutil-org/python/include/python3.7m -I/home/niklas/Dokumente/siloutil-org/thirdparty/boost/include -I/home/niklas/Dokumente/siloutil-org/python/include/python3.7m -I/home/niklas/Dokumente/siloutil-org/thirdparty/silo/include -I/home/niklas/Dokumente/siloutil-org/thirdparty/hdf5/include -I/home/niklas/Dokumente/siloutil-org/thirdparty/zlib/include -fno-rtti -fno-exceptions conftest.c >&5
cc1: warning: command line option '-fno-rtti' is valid for C++/ObjC++ but not for C
configure:11694: $? = 0
configure:11707: result: no
configure:12065: checking for gcc-7.4.0 option to produce PIC
configure:12072: result: -fPIC -DPIC
configure:12080: checking if gcc-7.4.0 PIC flag -fPIC -DPIC works
configure:12098: gcc-7.4.0 -c -g -O2  -fPIC -I/home/niklas/Dokumente/siloutil-org/python/include/python3.7m -I/home/niklas/Dokumente/siloutil-org/thirdparty/boost/include -I/home/niklas/Dokumente/siloutil-org/python/include/python3.7m -I/home/niklas/Dokumente/siloutil-org/thirdparty/silo/include -I/home/niklas/Dokumente/siloutil-org/thirdparty/hdf5/include -I/home/niklas/Dokumente/siloutil-org/thirdparty/zlib/include -fPIC -DPIC -DPIC conftest.c >&5
configure:12102: $? = 0
configure:12115: result: yes
configure:12144: checking if gcc-7.4.0 static flag -static works
configure:12172: result: yes
configure:12187: checking if gcc-7.4.0 supports -c -o file.o
configure:12208: gcc-7.4.0 -c -g -O2  -fPIC -I/home/niklas/Dokumente/siloutil-org/python/include/python3.7m -I/home/niklas/Dokumente/siloutil-org/thirdparty/boost/include -I/home/niklas/Dokumente/siloutil-org/python/include/python3.7m -I/home/niklas/Dokumente/siloutil-org/thirdparty/silo/include -I/home/niklas/Dokumente/siloutil-org/thirdparty/hdf5/include -I/home/niklas/Dokumente/siloutil-org/thirdparty/zlib/include -o out/conftest2.o conftest.c >&5
configure:12212: $? = 0
configure:12234: result: yes
configure:12242: checking if gcc-7.4.0 supports -c -o file.o
configure:12289: result: yes
configure:12322: checking whether the gcc-7.4.0 linker (/usr/bin/ld -m elf_x86_64) supports shared libraries
configure:13585: result: yes
configure:13622: checking whether -lc should be explicitly linked in
configure:13630: gcc-7.4.0 -c -g -O2  -fPIC -I/home/niklas/Dokumente/siloutil-org/python/include/python3.7m -I/home/niklas/Dokumente/siloutil-org/thirdparty/boost/include -I/home/niklas/Dokumente/siloutil-org/python/include/python3.7m -I/home/niklas/Dokumente/siloutil-org/thirdparty/silo/include -I/home/niklas/Dokumente/siloutil-org/thirdparty/hdf5/include -I/home/niklas/Dokumente/siloutil-org/thirdparty/zlib/include conftest.c >&5
configure:13633: $? = 0
configure:13648: gcc-7.4.0 -shared  -fPIC -DPIC conftest.o  -v -Wl,-soname -Wl,conftest -o conftest 2\>\&1 \| /bin/grep  -lc  \>/dev/null 2\>\&1
configure:13651: $? = 0
configure:13665: result: no
configure:13825: checking dynamic linker characteristics
configure:14406: gcc-7.4.0 -o conftest -g -O2  -fPIC -I/home/niklas/Dokumente/siloutil-org/python/include/python3.7m -I/home/niklas/Dokumente/siloutil-org/thirdparty/boost/include -I/home/niklas/Dokumente/siloutil-org/python/include/python3.7m -I/home/niklas/Dokumente/siloutil-org/thirdparty/silo/include -I/home/niklas/Dokumente/siloutil-org/thirdparty/hdf5/include -I/home/niklas/Dokumente/siloutil-org/thirdparty/zlib/include  -L/home/niklas/Dokumente/siloutil-org/thirdparty/boost/lib -L/home/niklas/Dokumente/siloutil-org/thirdparty/silo/lib -L/home/niklas/Dokumente/siloutil-org/thirdparty/hdf5/lib -L/home/niklas/Dokumente/siloutil-org/thirdparty/zlib/lib -Wl,-rpath -Wl,/foo conftest.c  -lboost_python37 -lsiloh5 -lhdf5 -lz >&5
configure:14406: $? = 0
configure:14655: result: GNU/Linux ld.so
configure:14777: checking how to hardcode library paths into programs
configure:14802: result: immediate
configure:15350: checking whether stripping libraries is possible
configure:15355: result: yes
configure:15390: checking if libtool supports shared libraries
configure:15392: result: yes
configure:15395: checking whether to build shared libraries
configure:15420: result: yes
configure:15423: checking whether to build static libraries
configure:15427: result: no
configure:15450: checking how to run the C++ preprocessor
configure:15516: result: g++-7.4.0 -E
configure:15536: g++-7.4.0 -E  -fPIC -I/home/niklas/Dokumente/siloutil-org/python/include/python3.7m -I/home/niklas/Dokumente/siloutil-org/thirdparty/boost/include -I/home/niklas/Dokumente/siloutil-org/python/include/python3.7m -I/home/niklas/Dokumente/siloutil-org/thirdparty/silo/include -I/home/niklas/Dokumente/siloutil-org/thirdparty/hdf5/include -I/home/niklas/Dokumente/siloutil-org/thirdparty/zlib/include conftest.cpp
configure:15536: $? = 0
configure:15550: g++-7.4.0 -E  -fPIC -I/home/niklas/Dokumente/siloutil-org/python/include/python3.7m -I/home/niklas/Dokumente/siloutil-org/thirdparty/boost/include -I/home/niklas/Dokumente/siloutil-org/python/include/python3.7m -I/home/niklas/Dokumente/siloutil-org/thirdparty/silo/include -I/home/niklas/Dokumente/siloutil-org/thirdparty/hdf5/include -I/home/niklas/Dokumente/siloutil-org/thirdparty/zlib/include conftest.cpp
conftest.cpp:26:10: fatal error: ac_nonexistent.h: No such file or directory
 #include <ac_nonexistent.h>
          ^~~~~~~~~~~~~~~~~~
compilation terminated.
configure:15550: $? = 1
configure: failed program was:
| /* confdefs.h */
| #define PACKAGE_NAME "siloutil"
| #define PACKAGE_TARNAME "siloutil"
| #define PACKAGE_VERSION "1.0"
| #define PACKAGE_STRING "siloutil 1.0"
| #define PACKAGE_BUGREPORT "n.donocik@tu-bs.de"
| #define PACKAGE_URL ""
| #define PACKAGE "siloutil"
| #define VERSION "1.0"
| #define ENABLE_NLS 1
| #define HAVE_GETTEXT 1
| #define HAVE_DCGETTEXT 1
| #define STDC_HEADERS 1
| #define HAVE_SYS_TYPES_H 1
| #define HAVE_SYS_STAT_H 1
| #define HAVE_STDLIB_H 1
| #define HAVE_STRING_H 1
| #define HAVE_MEMORY_H 1
| #define HAVE_STRINGS_H 1
| #define HAVE_INTTYPES_H 1
| #define HAVE_STDINT_H 1
| #define HAVE_UNISTD_H 1
| #define HAVE_DLFCN_H 1
| #define LT_OBJDIR ".libs/"
| /* end confdefs.h.  */
| #include <ac_nonexistent.h>
configure:15712: checking for ld used by g++-7.4.0
configure:15779: result: /usr/bin/ld -m elf_x86_64
configure:15786: checking if the linker (/usr/bin/ld -m elf_x86_64) is GNU ld
configure:15801: result: yes
configure:15856: checking whether the g++-7.4.0 linker (/usr/bin/ld -m elf_x86_64) supports shared libraries
configure:16929: result: yes
configure:16965: g++-7.4.0 -c -g -O2  -fPIC -I/home/niklas/Dokumente/siloutil-org/python/include/python3.7m -I/home/niklas/Dokumente/siloutil-org/thirdparty/boost/include -I/home/niklas/Dokumente/siloutil-org/python/include/python3.7m -I/home/niklas/Dokumente/siloutil-org/thirdparty/silo/include -I/home/niklas/Dokumente/siloutil-org/thirdparty/hdf5/include -I/home/niklas/Dokumente/siloutil-org/thirdparty/zlib/include conftest.cpp >&5
configure:16968: $? = 0
configure:17449: checking for g++-7.4.0 option to produce PIC
configure:17456: result: -fPIC -DPIC
configure:17464: checking if g++-7.4.0 PIC flag -fPIC -DPIC works
configure:17482: g++-7.4.0 -c -g -O2  -fPIC -I/home/niklas/Dokumente/siloutil-org/python/include/python3.7m -I/home/niklas/Dokumente/siloutil-org/thirdparty/boost/include -I/home/niklas/Dokumente/siloutil-org/python/include/python3.7m -I/home/niklas/Dokumente/siloutil-org/thirdparty/silo/include -I/home/niklas/Dokumente/siloutil-org/thirdparty/hdf5/include -I/home/niklas/Dokumente/siloutil-org/thirdparty/zlib/include -fPIC -DPIC -DPIC conftest.cpp >&5
configure:17486: $? = 0
configure:17499: result: yes
configure:17522: checking if g++-7.4.0 static flag -static works
configure:17550: result: yes
configure:17562: checking if g++-7.4.0 supports -c -o file.o
configure:17583: g++-7.4.0 -c -g -O2  -fPIC -I/home/niklas/Dokumente/siloutil-org/python/include/python3.7m -I/home/niklas/Dokumente/siloutil-org/thirdparty/boost/include -I/home/niklas/Dokumente/siloutil-org/python/include/python3.7m -I/home/niklas/Dokumente/siloutil-org/thirdparty/silo/include -I/home/niklas/Dokumente/siloutil-org/thirdparty/hdf5/include -I/home/niklas/Dokumente/siloutil-org/thirdparty/zlib/include -o out/conftest2.o conftest.cpp >&5
configure:17587: $? = 0
configure:17609: result: yes
configure:17614: checking if g++-7.4.0 supports -c -o file.o
configure:17661: result: yes
configure:17691: checking whether the g++-7.4.0 linker (/usr/bin/ld -m elf_x86_64) supports shared libraries
configure:17734: result: yes
configure:17875: checking dynamic linker characteristics
configure:18632: result: GNU/Linux ld.so
configure:18697: checking how to hardcode library paths into programs
configure:18722: result: immediate
configure:18929: checking that generated files are newer than configure
configure:18935: result: done
configure:18962: creating ./config.status

## ---------------------- ##
## Running config.status. ##
## ---------------------- ##

This file was extended by siloutil config.status 1.0, which was
generated by GNU Autoconf 2.69.  Invocation command line was

  CONFIG_FILES    = 
  CONFIG_HEADERS  = 
  CONFIG_LINKS    = 
  CONFIG_COMMANDS = 
  $ ./config.status 

on devel

config.status:1100: creating Makefile
config.status:1100: creating po/Makefile.in
config.status:1100: creating src/Makefile
config.status:1272: executing po-directories commands
config.status:1272: executing depfiles commands
config.status:1272: executing libtool commands

## ---------------- ##
## Cache variables. ##
## ---------------- ##

ac_cv_build=x86_64-pc-linux-gnu
ac_cv_c_compiler_gnu=yes
ac_cv_cxx_compiler_gnu=yes
ac_cv_env_CCC_set=
ac_cv_env_CCC_value=
ac_cv_env_CC_set=set
ac_cv_env_CC_value=gcc-7.4.0
ac_cv_env_CFLAGS_set=
ac_cv_env_CFLAGS_value=
ac_cv_env_CPPFLAGS_set=
ac_cv_env_CPPFLAGS_value=
ac_cv_env_CPP_set=set
ac_cv_env_CPP_value='g++-7.4.0 -E'
ac_cv_env_CXXCPP_set=set
ac_cv_env_CXXCPP_value='g++-7.4.0 -E'
ac_cv_env_CXXFLAGS_set=
ac_cv_env_CXXFLAGS_value=
ac_cv_env_CXX_set=set
ac_cv_env_CXX_value=g++-7.4.0
ac_cv_env_LDFLAGS_set=
ac_cv_env_LDFLAGS_value=
ac_cv_env_LIBS_set=
ac_cv_env_LIBS_value=
ac_cv_env_LT_SYS_LIBRARY_PATH_set=
ac_cv_env_LT_SYS_LIBRARY_PATH_value=
ac_cv_env_build_alias_set=
ac_cv_env_build_alias_value=
ac_cv_env_host_alias_set=
ac_cv_env_host_alias_value=
ac_cv_env_target_alias_set=
ac_cv_env_target_alias_value=
ac_cv_header_dlfcn_h=yes
ac_cv_header_inttypes_h=yes
ac_cv_header_memory_h=yes
ac_cv_header_pyconfig_h=yes
ac_cv_header_stdc=yes
ac_cv_header_stdint_h=yes
ac_cv_header_stdlib_h=yes
ac_cv_header_string_h=yes
ac_cv_header_strings_h=yes
ac_cv_header_sys_stat_h=yes
ac_cv_header_sys_types_h=yes
ac_cv_header_unistd_h=yes
ac_cv_host=x86_64-pc-linux-gnu
ac_cv_objext=o
ac_cv_path_EGREP='/bin/grep -E'
ac_cv_path_FGREP='/bin/grep -F'
ac_cv_path_GMSGFMT=/usr/bin/msgfmt
ac_cv_path_GREP=/bin/grep
ac_cv_path_MSGFMT=/usr/bin/msgfmt
ac_cv_path_MSGMERGE=/usr/bin/msgmerge
ac_cv_path_SED=/bin/sed
ac_cv_path_XGETTEXT=/usr/bin/xgettext
ac_cv_path_install='/usr/bin/install -c'
ac_cv_path_lt_DD=/bin/dd
ac_cv_path_mkdir=/bin/mkdir
ac_cv_prog_AWK=gawk
ac_cv_prog_CPP='g++-7.4.0 -E'
ac_cv_prog_CXXCPP='g++-7.4.0 -E'
ac_cv_prog_ac_ct_CC=gcc-7.4.0
ac_cv_prog_ac_ct_MANIFEST_TOOL=mt
ac_cv_prog_ac_ct_OBJDUMP=objdump
ac_cv_prog_ac_ct_RANLIB=ranlib
ac_cv_prog_ac_ct_STRIP=strip
ac_cv_prog_cc_c89=
ac_cv_prog_cc_g=yes
ac_cv_prog_cxx_g=yes
ac_cv_prog_make_make_set=yes
ac_cv_search_main='none required'
acl_cv_hardcode_direct=no
acl_cv_hardcode_libdir_flag_spec='${wl}-rpath ${wl}$libdir'
acl_cv_hardcode_libdir_separator=
acl_cv_hardcode_minus_L=no
acl_cv_libext=a
acl_cv_libname_spec='lib$name'
acl_cv_library_names_spec='$libname$shrext'
acl_cv_path_LD=/usr/bin/ld
acl_cv_prog_gnu_ld=yes
acl_cv_rpath=done
acl_cv_shlibext=so
acl_cv_wl=-Wl,
am_cv_CC_dependencies_compiler_type=gcc3
am_cv_CXX_dependencies_compiler_type=gcc3
am_cv_ar_interface=ar
am_cv_make_support_nested_variables=yes
am_cv_prog_cc_c_o=yes
gt_cv_func_CFLocaleCopyCurrent=no
gt_cv_func_CFPreferencesCopyAppValue=no
gt_cv_func_gnugettext1_libc=yes
lt_cv_ar_at_file=@
lt_cv_archive_cmds_need_lc=no
lt_cv_deplibs_check_method=pass_all
lt_cv_file_magic_cmd='$MAGIC_CMD'
lt_cv_file_magic_test_file=
lt_cv_ld_reload_flag=-r
lt_cv_nm_interface='BSD nm'
lt_cv_objdir=.libs
lt_cv_path_LD=/usr/bin/ld
lt_cv_path_LDCXX='/usr/bin/ld -m elf_x86_64'
lt_cv_path_NM='/usr/bin/nm -B'
lt_cv_path_mainfest_tool=no
lt_cv_prog_compiler_c_o=yes
lt_cv_prog_compiler_c_o_CXX=yes
lt_cv_prog_compiler_pic='-fPIC -DPIC'
lt_cv_prog_compiler_pic_CXX='-fPIC -DPIC'
lt_cv_prog_compiler_pic_works=yes
lt_cv_prog_compiler_pic_works_CXX=yes
lt_cv_prog_compiler_rtti_exceptions=no
lt_cv_prog_compiler_static_works=yes
lt_cv_prog_compiler_static_works_CXX=yes
lt_cv_prog_gnu_ld=yes
lt_cv_prog_gnu_ldcxx=yes
lt_cv_sharedlib_from_linklib_cmd='printf %s\n'
lt_cv_shlibpath_overrides_runpath=yes
lt_cv_sys_global_symbol_pipe='sed -n -e '\''s/^.*[	 ]\([ABCDGIRSTW][ABCDGIRSTW]*\)[	 ][	 ]*\([_A-Za-z][_A-Za-z0-9]*\)$/\1 \2 \2/p'\'' | sed '\''/ __gnu_lto/d'\'''
lt_cv_sys_global_symbol_to_c_name_address='sed -n -e '\''s/^: \(.*\) .*$/  {"\1", (void *) 0},/p'\'' -e '\''s/^[ABCDGIRSTW][ABCDGIRSTW]* .* \(.*\)$/  {"\1", (void *) \&\1},/p'\'''
lt_cv_sys_global_symbol_to_c_name_address_lib_prefix='sed -n -e '\''s/^: \(.*\) .*$/  {"\1", (void *) 0},/p'\'' -e '\''s/^[ABCDGIRSTW][ABCDGIRSTW]* .* \(lib.*\)$/  {"\1", (void *) \&\1},/p'\'' -e '\''s/^[ABCDGIRSTW][ABCDGIRSTW]* .* \(.*\)$/  {"lib\1", (void *) \&\1},/p'\'''
lt_cv_sys_global_symbol_to_cdecl='sed -n -e '\''s/^T .* \(.*\)$/extern int \1();/p'\'' -e '\''s/^[ABCDGIRSTW][ABCDGIRSTW]* .* \(.*\)$/extern char \1;/p'\'''
lt_cv_sys_global_symbol_to_import=
lt_cv_sys_max_cmd_len=1572864
lt_cv_to_host_file_cmd=func_convert_file_noop
lt_cv_to_tool_file_cmd=func_convert_file_noop
lt_cv_truncate_bin='/bin/dd bs=4096 count=1'

## ----------------- ##
## Output variables. ##
## ----------------- ##

ACLOCAL='${SHELL} /home/niklas/Dokumente/siloutil-org/siloutil/missing aclocal-1.15'
AMDEPBACKSLASH='\'
AMDEP_FALSE='#'
AMDEP_TRUE=''
AMTAR='$${TAR-tar}'
AM_BACKSLASH='\'
AM_DEFAULT_V='$(AM_DEFAULT_VERBOSITY)'
AM_DEFAULT_VERBOSITY='1'
AM_V='$(V)'
AR='gcc-ar-7.4.0'
AUTOCONF='${SHELL} /home/niklas/Dokumente/siloutil-org/siloutil/missing autoconf'
AUTOHEADER='${SHELL} /home/niklas/Dokumente/siloutil-org/siloutil/missing autoheader'
AUTOMAKE='${SHELL} /home/niklas/Dokumente/siloutil-org/siloutil/missing automake-1.15'
AWK='gawk'
CC='gcc-7.4.0'
CCDEPMODE='depmode=gcc3'
CFLAGS='-g -O2'
CPP='g++-7.4.0 -E'
CPPFLAGS=' -fPIC -I/home/niklas/Dokumente/siloutil-org/python/include/python3.7m -I/home/niklas/Dokumente/siloutil-org/thirdparty/boost/include -I/home/niklas/Dokumente/siloutil-org/python/include/python3.7m -I/home/niklas/Dokumente/siloutil-org/thirdparty/silo/include -I/home/niklas/Dokumente/siloutil-org/thirdparty/hdf5/include -I/home/niklas/Dokumente/siloutil-org/thirdparty/zlib/include'
CXX='g++-7.4.0'
CXXCPP='g++-7.4.0 -E'
CXXDEPMODE='depmode=gcc3'
CXXFLAGS='-g -O2'
CYGPATH_W='echo'
DEFS='-DPACKAGE_NAME=\"siloutil\" -DPACKAGE_TARNAME=\"siloutil\" -DPACKAGE_VERSION=\"1.0\" -DPACKAGE_STRING=\"siloutil\ 1.0\" -DPACKAGE_BUGREPORT=\"n.donocik@tu-bs.de\" -DPACKAGE_URL=\"\" -DPACKAGE=\"siloutil\" -DVERSION=\"1.0\" -DENABLE_NLS=1 -DHAVE_GETTEXT=1 -DHAVE_DCGETTEXT=1 -DSTDC_HEADERS=1 -DHAVE_SYS_TYPES_H=1 -DHAVE_SYS_STAT_H=1 -DHAVE_STDLIB_H=1 -DHAVE_STRING_H=1 -DHAVE_MEMORY_H=1 -DHAVE_STRINGS_H=1 -DHAVE_INTTYPES_H=1 -DHAVE_STDINT_H=1 -DHAVE_UNISTD_H=1 -DHAVE_DLFCN_H=1 -DLT_OBJDIR=\".libs/\"'
DEPDIR='.deps'
DLLTOOL='false'
DSYMUTIL=''
DUMPBIN=''
ECHO_C=''
ECHO_N='-n'
ECHO_T=''
EGREP='/bin/grep -E'
EXEEXT=''
FGREP='/bin/grep -F'
GETTEXT_MACRO_VERSION='0.19'
GMSGFMT='/usr/bin/msgfmt'
GMSGFMT_015='/usr/bin/msgfmt'
GREP='/bin/grep'
INSTALL_DATA='${INSTALL} -m 644'
INSTALL_PROGRAM='${INSTALL}'
INSTALL_SCRIPT='${INSTALL}'
INSTALL_STRIP_PROGRAM='$(install_sh) -c -s'
INTLLIBS=''
INTL_MACOSX_LIBS=''
LD='/usr/bin/ld -m elf_x86_64'
LDFLAGS=' -L/home/niklas/Dokumente/siloutil-org/thirdparty/boost/lib -L/home/niklas/Dokumente/siloutil-org/thirdparty/silo/lib -L/home/niklas/Dokumente/siloutil-org/thirdparty/hdf5/lib -L/home/niklas/Dokumente/siloutil-org/thirdparty/zlib/lib'
LIBICONV='-liconv'
LIBINTL=''
LIBOBJS=''
LIBS=' -lboost_python37 -lsiloh5 -lhdf5 -lz'
LIBTOOL='$(SHELL) $(top_builddir)/libtool'
LIPO=''
LN_S='ln -s'
LTLIBICONV='-liconv'
LTLIBINTL=''
LTLIBOBJS=''
LT_SYS_LIBRARY_PATH=''
MAKEINFO='${SHELL} /home/niklas/Dokumente/siloutil-org/siloutil/missing makeinfo'
MANIFEST_TOOL=':'
MKDIR_P='/bin/mkdir -p'
MSGFMT='/usr/bin/msgfmt'
MSGFMT_015='/usr/bin/msgfmt'
MSGMERGE='/usr/bin/msgmerge'
NM='/usr/bin/nm -B'
NMEDIT=''
OBJDUMP='objdump'
OBJEXT='o'
OTOOL64=''
OTOOL=''
PACKAGE='siloutil'
PACKAGE_BUGREPORT='n.donocik@tu-bs.de'
PACKAGE_NAME='siloutil'
PACKAGE_STRING='siloutil 1.0'
PACKAGE_TARNAME='siloutil'
PACKAGE_URL=''
PACKAGE_VERSION='1.0'
PATH_SEPARATOR=':'
POSUB='po'
RANLIB='ranlib'
SED='/bin/sed'
SET_MAKE=''
SHELL='/bin/bash'
STRIP='strip'
USE_NLS='yes'
VERSION='1.0'
XGETTEXT='/usr/bin/xgettext'
XGETTEXT_015='/usr/bin/xgettext'
XGETTEXT_EXTRA_OPTIONS=''
ac_ct_AR=''
ac_ct_CC='gcc-7.4.0'
ac_ct_CXX=''
ac_ct_DUMPBIN=''
am__EXEEXT_FALSE=''
am__EXEEXT_TRUE='#'
am__fastdepCC_FALSE='#'
am__fastdepCC_TRUE=''
am__fastdepCXX_FALSE='#'
am__fastdepCXX_TRUE=''
am__include='include'
am__isrc=''
am__leading_dot='.'
am__nodep='_no'
am__quote=''
am__tar='$${TAR-tar} chof - "$$tardir"'
am__untar='$${TAR-tar} xf -'
bindir='${exec_prefix}/bin'
build='x86_64-pc-linux-gnu'
build_alias=''
build_cpu='x86_64'
build_os='linux-gnu'
build_vendor='pc'
datadir='${datarootdir}'
datarootdir='${prefix}/share'
docdir='${datarootdir}/doc/${PACKAGE_TARNAME}'
dvidir='${docdir}'
exec_prefix='${prefix}'
host='x86_64-pc-linux-gnu'
host_alias=''
host_cpu='x86_64'
host_os='linux-gnu'
host_vendor='pc'
htmldir='${docdir}'
includedir='${prefix}/include'
infodir='${datarootdir}/info'
install_sh='${SHELL} /home/niklas/Dokumente/siloutil-org/siloutil/install-sh'
libdir='${exec_prefix}/lib'
libexecdir='${exec_prefix}/libexec'
localedir='${datarootdir}/locale'
localstatedir='${prefix}/var'
mandir='${datarootdir}/man'
mkdir_p='$(MKDIR_P)'
oldincludedir='/usr/include'
pdfdir='${docdir}'
prefix='/home/niklas/Dokumente/siloutil-org/siloutil-bin'
program_transform_name='s,x,x,'
psdir='${docdir}'
runstatedir='${localstatedir}/run'
sbindir='${exec_prefix}/sbin'
sharedstatedir='${prefix}/com'
sysconfdir='${prefix}/etc'
target_alias=''

## ----------- ##
## confdefs.h. ##
## ----------- ##

/* confdefs.h */
#define PACKAGE_NAME "siloutil"
#define PACKAGE_TARNAME "siloutil"
#define PACKAGE_VERSION "1.0"
#define PACKAGE_STRING "siloutil 1.0"
#define PACKAGE_BUGREPORT "n.donocik@tu-bs.de"
#define PACKAGE_URL ""
#define PACKAGE "siloutil"
#define VERSION "1.0"
#define ENABLE_NLS 1
#define HAVE_GETTEXT 1
#define HAVE_DCGETTEXT 1
#define STDC_HEADERS 1
#define HAVE_SYS_TYPES_H 1
#define HAVE_SYS_STAT_H 1
#define HAVE_STDLIB_H 1
#define HAVE_STRING_H 1
#define HAVE_MEMORY_H 1
#define HAVE_STRINGS_H 1
#define HAVE_INTTYPES_H 1
#define HAVE_STDINT_H 1
#define HAVE_UNISTD_H 1
#define HAVE_DLFCN_H 1
#define LT_OBJDIR ".libs/"

configure: exit 0
